2020-11-29 13:00:46 [DEBUG] JavaFX_log4j:20 - Создание новой сцены
2020-11-29 13:00:46 [DEBUG] JavaFX_log4j:23 - Запрет изменения размера окна
2020-11-29 13:00:46 [DEBUG] JavaFX_log4j:25 - Включение отображения сцены
2020-11-29 13:00:46 [DEBUG] JavaFX_log4j:27 - Установка заголовка окна 'Calculator JavaFX'
2020-11-29 13:00:50 [ERROR] JavaFX_log4j:66 - В введённых значениях допущены ошибки
2020-11-29 13:00:50 [DEBUG] JavaFX_log4j:72 - Значения ячеек очищены
2020-11-29 13:00:55 [DEBUG] JavaFX_log4j:81 - Выполнено вычисление
2020-11-29 13:00:56 [DEBUG] JavaFX_log4j:102 - Значения ячеек очищены
2020-11-29 13:14:11 [DEBUG] JavaFX_log4j:29 - Создание новой сцены
2020-11-29 13:14:11 [DEBUG] JavaFX_log4j:32 - Запрет изменения размера окна
2020-11-29 13:14:11 [DEBUG] JavaFX_log4j:34 - Включение отображения сцены
2020-11-29 13:14:11 [DEBUG] JavaFX_log4j:36 - Установка заголовка окна 'Calculator JavaFX'
2020-11-29 13:14:16 [DEBUG] JavaFX_log4j:75 - Выполнено вычисление по алгоритму, где x > 5
2020-11-29 13:14:28 [DEBUG] JavaFX_log4j:29 - Создание новой сцены
2020-11-29 13:14:28 [DEBUG] JavaFX_log4j:32 - Запрет изменения размера окна
2020-11-29 13:14:29 [DEBUG] JavaFX_log4j:34 - Включение отображения сцены
2020-11-29 13:14:29 [DEBUG] JavaFX_log4j:36 - Установка заголовка окна 'Calculator JavaFX'
2020-11-29 13:14:33 [ERROR] JavaFX_log4j:60 - В введённых значениях допущены ошибки
2020-11-29 13:14:33 [DEBUG] JavaFX_log4j:66 - Значения ячеек очищены
2020-11-29 13:14:37 [DEBUG] JavaFX_log4j:75 - Выполнено вычисление по алгоритму, где x > 5
2020-11-29 13:14:40 [DEBUG] JavaFX_log4j:97 - Значения ячеек очищены
2020-12-01 11:41:14 [DEBUG] JavaFX_log4j:29 - Создание новой сцены
2020-12-01 11:41:14 [DEBUG] JavaFX_log4j:32 - Запрет изменения размера окна
2020-12-01 11:41:14 [DEBUG] JavaFX_log4j:34 - Включение отображения сцены
2020-12-01 11:41:14 [DEBUG] JavaFX_log4j:36 - Установка заголовка окна 'Calculator JavaFX'
2020-12-01 11:45:30 [DEBUG] JavaFX_log4j:29 - Создание новой сцены
2020-12-01 11:45:30 [DEBUG] JavaFX_log4j:32 - Запрет изменения размера окна
2020-12-01 11:45:30 [DEBUG] JavaFX_log4j:34 - Включение отображения сцены
2020-12-01 11:45:30 [DEBUG] JavaFX_log4j:36 - Установка заголовка окна 'Calculator JavaFX'
2020-12-01 11:46:19 [DEBUG] JavaFX_log4j:29 - Создание новой сцены
2020-12-01 11:46:19 [DEBUG] JavaFX_log4j:32 - Запрет изменения размера окна
2020-12-01 11:46:19 [DEBUG] JavaFX_log4j:34 - Включение отображения сцены
2020-12-01 11:46:19 [DEBUG] JavaFX_log4j:36 - Установка заголовка окна 'Calculator JavaFX'
2020-12-01 11:46:21 [DEBUG] JavaFX_log4j:68 - Выполнено вычисление по алгоритму, где x <= 3
2020-12-01 11:46:29 [DEBUG] JavaFX_log4j:71 - Выполнено вычисление по алгоритму, где x > 3
2020-12-01 11:46:31 [DEBUG] JavaFX_log4j:92 - Значения ячеек очищены
2020-12-01 11:51:25 [ERROR] eak_04_lab06:38 - javafx.fxml.LoadException: 
file:/C:/Users/kille/Documents/NetBeansProjects/BMK_log4j-main/dist/run923057061/eak_04_lab06.jar!/eak_04/FXMLDocument.fxml:8

2020-12-01 11:51:48 [DEBUG] eak_04_lab06:29 - Создание новой сцены
2020-12-01 11:51:48 [DEBUG] eak_04_lab06:32 - Запрет изменения размера окна
2020-12-01 11:51:48 [DEBUG] eak_04_lab06:34 - Включение отображения сцены
2020-12-01 11:51:48 [DEBUG] eak_04_lab06:36 - Установка заголовка окна 'Calculator JavaFX'
2020-12-01 11:51:51 [DEBUG] eak_04_lab06:68 - Выполнено вычисление по алгоритму, где x <= 3
2020-12-01 11:51:53 [DEBUG] eak_04_lab06:92 - Значения ячеек очищены
2020-12-01 11:54:22 [DEBUG] eak_04_lab06:29 - Создание новой сцены
2020-12-01 11:54:22 [DEBUG] eak_04_lab06:32 - Запрет изменения размера окна
2020-12-01 11:54:22 [DEBUG] eak_04_lab06:34 - Включение отображения сцены
2020-12-01 11:54:22 [DEBUG] eak_04_lab06:36 - Установка заголовка окна 'Calculator JavaFX'
2020-12-01 11:54:26 [DEBUG] eak_04_lab06:68 - Выполнено вычисление по алгоритму, где x <= 3
2020-12-01 11:54:27 [DEBUG] eak_04_lab06:92 - Значения ячеек очищены
2020-12-01 11:54:32 [DEBUG] eak_04_lab06:68 - Выполнено вычисление по алгоритму, где x <= 3
2020-12-01 11:58:04 [DEBUG] eak_04_lab06:29 - Создание новой сцены
2020-12-01 11:58:04 [DEBUG] eak_04_lab06:32 - Запрет изменения размера окна
2020-12-01 11:58:04 [DEBUG] eak_04_lab06:34 - Включение отображения сцены
2020-12-01 11:58:04 [DEBUG] eak_04_lab06:36 - Установка заголовка окна 'Calculator JavaFX'
2020-12-01 11:59:21 [DEBUG] eak_04_lab07:29 - Создание новой сцены
2020-12-01 11:59:21 [DEBUG] eak_04_lab07:32 - Запрет изменения размера окна
2020-12-01 11:59:22 [DEBUG] eak_04_lab07:34 - Включение отображения сцены
2020-12-01 11:59:22 [DEBUG] eak_04_lab07:36 - Установка заголовка окна 'Calculator JavaFX'
2020-12-01 11:59:24 [DEBUG] eak_04_lab07:68 - Выполнено вычисление по алгоритму, где x <= 3
2020-12-01 11:59:26 [DEBUG] eak_04_lab07:92 - Значения ячеек очищены
2020-12-01 12:00:19 [DEBUG] eak_04_lab07:68 - Выполнено вычисление по алгоритму, где x <= 3
2020-12-01 12:00:30 [DEBUG] eak_04_lab07:71 - Выполнено вычисление по алгоритму, где x > 3
2020-12-01 12:01:07 [DEBUG] eak_04_lab07:29 - Создание новой сцены
2020-12-01 12:01:07 [DEBUG] eak_04_lab07:32 - Запрет изменения размера окна
2020-12-01 12:01:07 [DEBUG] eak_04_lab07:34 - Включение отображения сцены
2020-12-01 12:01:07 [DEBUG] eak_04_lab07:36 - Установка заголовка окна 'Calculator JavaFX'
2020-12-01 12:01:10 [DEBUG] eak_04_lab07:68 - Выполнено вычисление по алгоритму, где x <= 3
2020-12-01 12:01:20 [DEBUG] eak_04_lab07:68 - Выполнено вычисление по алгоритму, где x <= 3
2020-12-01 12:01:25 [DEBUG] eak_04_lab07:71 - Выполнено вычисление по алгоритму, где x > 3
2020-12-01 12:01:27 [DEBUG] eak_04_lab07:92 - Значения ячеек очищены
2020-12-01 12:01:30 [DEBUG] eak_04_lab07:71 - Выполнено вычисление по алгоритму, где x > 3
2020-12-03 14:13:42 [DEBUG] eak_04_lab07:29 - Создание новой сцены
2020-12-03 14:13:42 [DEBUG] eak_04_lab07:32 - Запрет изменения размера окна
2020-12-03 14:13:42 [DEBUG] eak_04_lab07:34 - Включение отображения сцены
2020-12-03 14:13:42 [DEBUG] eak_04_lab07:36 - Установка заголовка окна 'Calculator JavaFX'
2020-12-03 14:13:56 [DEBUG] eak_04_lab07:71 - Выполнено вычисление по алгоритму, где x > 3
2020-12-03 14:14:02 [DEBUG] eak_04_lab07:71 - Выполнено вычисление по алгоритму, где x > 3
2020-12-03 14:14:05 [DEBUG] eak_04_lab07:68 - Выполнено вычисление по алгоритму, где x <= 3
2020-12-03 14:41:56 [DEBUG] eak_04_lab07:29 - Создание новой сцены
2020-12-03 14:41:56 [DEBUG] eak_04_lab07:32 - Запрет изменения размера окна
2020-12-03 14:41:56 [DEBUG] eak_04_lab07:34 - Включение отображения сцены
2020-12-03 14:41:56 [DEBUG] eak_04_lab07:36 - Установка заголовка окна 'Calculator JavaFX'
2020-12-03 14:42:02 [DEBUG] eak_04_lab07:68 - Выполнено вычисление по алгоритму, где x <= 3
2020-12-03 16:05:49 [DEBUG] eak_04_lab07:29 - Создание новой сцены
2020-12-03 16:05:49 [DEBUG] eak_04_lab07:32 - Запрет изменения размера окна
2020-12-03 16:05:50 [DEBUG] eak_04_lab07:34 - Включение отображения сцены
2020-12-03 16:05:50 [DEBUG] eak_04_lab07:36 - Установка заголовка окна 'Calculator JavaFX'
2020-12-03 16:05:53 [DEBUG] eak_04_lab07:68 - Выполнено вычисление по алгоритму, где x <= 3
2020-12-03 16:06:23 [DEBUG] eak_04_lab07:71 - Выполнено вычисление по алгоритму, где x > 3
2020-12-03 16:06:24 [DEBUG] eak_04_lab07:92 - Значения ячеек очищены
2020-12-03 16:07:34 [DEBUG] eak_04_lab07:29 - Создание новой сцены
2020-12-03 16:07:34 [DEBUG] eak_04_lab07:32 - Запрет изменения размера окна
2020-12-03 16:07:34 [DEBUG] eak_04_lab07:34 - Включение отображения сцены
2020-12-03 16:07:34 [DEBUG] eak_04_lab07:36 - Установка заголовка окна 'Calculator JavaFX'
